[ 2015-10-11T12:37:03+08:00 ] ::1 /report/
INFO: [ app_init ] --START--
INFO: Run Behavior\BuildLiteBehavior [ RunTime:0.000022s ]
INFO: [ app_init ] --END-- [ RunTime:0.000866s ]
INFO: [ app_begin ] --START--
INFO: Run Behavior\ReadHtmlCacheBehavior [ RunTime:0.001786s ]
INFO: [ app_begin ] --END-- [ RunTime:0.001947s ]
NOTIC: [8] Undefined index: xm /Users/duzexuan/www/report/APP/Home/Common/function.php 第 13 行.
NOTIC: [8] Undefined index: ip /Users/duzexuan/www/report/APP/Home/Common/function.php 第 13 行.
NOTIC: [8] Undefined index: bt /Users/duzexuan/www/report/APP/Home/Common/function.php 第 13 行.
NOTIC: [8] Undefined index: fwxmh /Users/duzexuan/www/report/APP/Home/Common/function.php 第 13 行.
NOTIC: [8] Undefined index: bxdh /Users/duzexuan/www/report/APP/Home/Common/function.php 第 13 行.
NOTIC: [8] Undefined index: fwqyh /Users/duzexuan/www/report/APP/Home/Common/function.php 第 13 行.
NOTIC: [8] Undefined index: bxdd /Users/duzexuan/www/report/APP/Home/Common/function.php 第 13 行.
NOTIC: [8] Undefined index: bxnr /Users/duzexuan/www/report/APP/Home/Common/function.php 第 13 行.
SQL: SHOW COLUMNS FROM `wx_globle` [ RunTime:0.0112s ]
NOTIC: [2] Illegal string offset '#text' /Users/duzexuan/www/report/APP/Home/Model/GlobleModel.class.php 第 7 行.
NOTIC: [8] Uninitialized string offset: 0 /Users/duzexuan/www/report/APP/Home/Model/GlobleModel.class.php 第 7 行.
NOTIC: [2] Illegal string offset '#text' /Users/duzexuan/www/report/APP/Home/Model/GlobleModel.class.php 第 7 行.
NOTIC: [8] Uninitialized string offset: 0 /Users/duzexuan/www/report/APP/Home/Model/GlobleModel.class.php 第 7 行.
NOTIC: [2] Illegal string offset '#text' /Users/duzexuan/www/report/APP/Home/Model/GlobleModel.class.php 第 7 行.
NOTIC: [8] Uninitialized string offset: 0 /Users/duzexuan/www/report/APP/Home/Model/GlobleModel.class.php 第 7 行.
NOTIC: [2] Illegal string offset '#text' /Users/duzexuan/www/report/APP/Home/Model/GlobleModel.class.php 第 7 行.
NOTIC: [8] Uninitialized string offset: 0 /Users/duzexuan/www/report/APP/Home/Model/GlobleModel.class.php 第 7 行.
NOTIC: [2] Illegal string offset '#text' /Users/duzexuan/www/report/APP/Home/Model/GlobleModel.class.php 第 7 行.
NOTIC: [8] Uninitialized string offset: 0 /Users/duzexuan/www/report/APP/Home/Model/GlobleModel.class.php 第 7 行.
NOTIC: [2] Illegal string offset '#text' /Users/duzexuan/www/report/APP/Home/Model/GlobleModel.class.php 第 7 行.
NOTIC: [8] Uninitialized string offset: 0 /Users/duzexuan/www/report/APP/Home/Model/GlobleModel.class.php 第 7 行.
SQL: SHOW COLUMNS FROM `wx_globle` [ RunTime:0.0041s ]
SQL: SELECT * FROM `wx_globle` WHERE `wx_djh` = 'a66222d0-f5ba-4fe5-86d4-a3cd01815db4'  [ RunTime:0.0045s ]
NOTIC: [2] Illegal offset type in isset or empty /Users/duzexuan/www/report/ThinkPHP/Library/Think/Model.class.php 第 511 行.
SQL: DELETE FROM `wx_globle` WHERE `wx_djh` = 'a66222d0-f5ba-4fe5-86d4-a3cd01815db4' [ RunTime:0.0062s ]
SQL: INSERT INTO `wx_globle` (`wx_djh`,`wx_bt`,`wx_bxlxh`,`wx_bxlxm`,`wx_bxrrzm`,`wx_bxr`,`wx_bxsj`,`wx_bxdh`,`wx_fwqyh`,`wx_bxdd`,`wx_bxnr`,`wx_slr`,`wx_shr`,`wx_cxr`,`wx_ysfz`,`wx_ysqk`,`wx_hfr`,`wx_hfmyd`,`wx_hfjy`,`wx_fwqym`,`wx_wxztm`,`wx_wxgm`,`wx_cxbmm`,`xysj`,`wx_wxdh`,`wx_bxip`,`wx_sfkhf`) VALUES ('a66222d0-f5ba-4fe5-86d4-a3cd01815db4','停水','0102','水管','1635841                             ','刘晨凌','2014-10-23 23:41:18','10086','e51e1aae-8aa3-4546-aaab-a18d013873b0','123','<p>停水</p>','李开宇','李开宇','','0','','','','','学生公寓区','已受理','','物业管理中心','10-20分钟响应','Y2014102323-010380','202.202.43.205','否') [ RunTime:0.0029s ]

[ 2015-10-11T12:39:49+08:00 ] ::1 /report/
INFO: [ app_init ] --START--
INFO: Run Behavior\BuildLiteBehavior [ RunTime:0.000011s ]
INFO: [ app_init ] --END-- [ RunTime:0.000072s ]
INFO: [ app_begin ] --START--
INFO: Run Behavior\ReadHtmlCacheBehavior [ RunTime:0.000439s ]
INFO: [ app_begin ] --END-- [ RunTime:0.000505s ]
NOTIC: [8] Undefined index: xm /Users/duzexuan/www/report/APP/Home/Common/function.php 第 13 行.
NOTIC: [8] Undefined index: ip /Users/duzexuan/www/report/APP/Home/Common/function.php 第 13 行.
NOTIC: [8] Undefined index: bt /Users/duzexuan/www/report/APP/Home/Common/function.php 第 13 行.
NOTIC: [8] Undefined index: fwxmh /Users/duzexuan/www/report/APP/Home/Common/function.php 第 13 行.
NOTIC: [8] Undefined index: bxdh /Users/duzexuan/www/report/APP/Home/Common/function.php 第 13 行.
NOTIC: [8] Undefined index: fwqyh /Users/duzexuan/www/report/APP/Home/Common/function.php 第 13 行.
NOTIC: [8] Undefined index: bxdd /Users/duzexuan/www/report/APP/Home/Common/function.php 第 13 行.
NOTIC: [8] Undefined index: bxnr /Users/duzexuan/www/report/APP/Home/Common/function.php 第 13 行.
SQL: SHOW COLUMNS FROM `wx_globle` [ RunTime:0.0023s ]
SQL: SELECT * FROM `wx_globle` WHERE `wx_bxrrzm` = 1635841  [ RunTime:0.0075s ]

[ 2015-10-11T12:40:41+08:00 ] ::1 /report/
INFO: [ app_init ] --START--
INFO: Run Behavior\BuildLiteBehavior [ RunTime:0.000019s ]
INFO: [ app_init ] --END-- [ RunTime:0.000131s ]
INFO: [ app_begin ] --START--
INFO: Run Behavior\ReadHtmlCacheBehavior [ RunTime:0.000443s ]
INFO: [ app_begin ] --END-- [ RunTime:0.000506s ]
NOTIC: [8] Undefined index: xm /Users/duzexuan/www/report/APP/Home/Common/function.php 第 13 行.
NOTIC: [8] Undefined index: ip /Users/duzexuan/www/report/APP/Home/Common/function.php 第 13 行.
NOTIC: [8] Undefined index: bt /Users/duzexuan/www/report/APP/Home/Common/function.php 第 13 行.
NOTIC: [8] Undefined index: fwxmh /Users/duzexuan/www/report/APP/Home/Common/function.php 第 13 行.
NOTIC: [8] Undefined index: bxdh /Users/duzexuan/www/report/APP/Home/Common/function.php 第 13 行.
NOTIC: [8] Undefined index: fwqyh /Users/duzexuan/www/report/APP/Home/Common/function.php 第 13 行.
NOTIC: [8] Undefined index: bxdd /Users/duzexuan/www/report/APP/Home/Common/function.php 第 13 行.
NOTIC: [8] Undefined index: bxnr /Users/duzexuan/www/report/APP/Home/Common/function.php 第 13 行.
SQL: SHOW COLUMNS FROM `wx_globle` [ RunTime:0.0022s ]
NOTIC: [2] Illegal string offset '#text' /Users/duzexuan/www/report/APP/Home/Model/GlobleModel.class.php 第 7 行.
NOTIC: [8] Uninitialized string offset: 0 /Users/duzexuan/www/report/APP/Home/Model/GlobleModel.class.php 第 7 行.
NOTIC: [2] Illegal string offset '#text' /Users/duzexuan/www/report/APP/Home/Model/GlobleModel.class.php 第 7 行.
NOTIC: [8] Uninitialized string offset: 0 /Users/duzexuan/www/report/APP/Home/Model/GlobleModel.class.php 第 7 行.
NOTIC: [2] Illegal string offset '#text' /Users/duzexuan/www/report/APP/Home/Model/GlobleModel.class.php 第 7 行.
NOTIC: [8] Uninitialized string offset: 0 /Users/duzexuan/www/report/APP/Home/Model/GlobleModel.class.php 第 7 行.
NOTIC: [2] Illegal string offset '#text' /Users/duzexuan/www/report/APP/Home/Model/GlobleModel.class.php 第 7 行.
NOTIC: [8] Uninitialized string offset: 0 /Users/duzexuan/www/report/APP/Home/Model/GlobleModel.class.php 第 7 行.
NOTIC: [2] Illegal string offset '#text' /Users/duzexuan/www/report/APP/Home/Model/GlobleModel.class.php 第 7 行.
NOTIC: [8] Uninitialized string offset: 0 /Users/duzexuan/www/report/APP/Home/Model/GlobleModel.class.php 第 7 行.
NOTIC: [2] Illegal string offset '#text' /Users/duzexuan/www/report/APP/Home/Model/GlobleModel.class.php 第 7 行.
NOTIC: [8] Uninitialized string offset: 0 /Users/duzexuan/www/report/APP/Home/Model/GlobleModel.class.php 第 7 行.
SQL: SHOW COLUMNS FROM `wx_globle` [ RunTime:0.0021s ]
SQL: SELECT * FROM `wx_globle` WHERE `wx_djh` = 'a66222d0-f5ba-4fe5-86d4-a3cd01815db4'  [ RunTime:0.0003s ]
NOTIC: [2] Illegal offset type in isset or empty /Users/duzexuan/www/report/ThinkPHP/Library/Think/Model.class.php 第 511 行.
SQL: DELETE FROM `wx_globle` WHERE `wx_djh` = 'a66222d0-f5ba-4fe5-86d4-a3cd01815db4' [ RunTime:0.0013s ]
SQL: INSERT INTO `wx_globle` (`wx_djh`,`wx_bt`,`wx_bxlxh`,`wx_bxlxm`,`wx_bxrrzm`,`wx_bxr`,`wx_bxsj`,`wx_bxdh`,`wx_fwqyh`,`wx_bxdd`,`wx_bxnr`,`wx_slr`,`wx_shr`,`wx_cxr`,`wx_ysfz`,`wx_ysqk`,`wx_hfr`,`wx_hfmyd`,`wx_hfjy`,`wx_fwqym`,`wx_wxztm`,`wx_wxgm`,`wx_cxbmm`,`xysj`,`wx_wxdh`,`wx_bxip`,`wx_sfkhf`) VALUES ('a66222d0-f5ba-4fe5-86d4-a3cd01815db4','停水','0102','水管','1635841                             ','刘晨凌','2014-10-23 23:41:18','10086','e51e1aae-8aa3-4546-aaab-a18d013873b0','123','<p>停水</p>','李开宇','李开宇','','0','','','','','学生公寓区','已受理','','物业管理中心','10-20分钟响应','Y2014102323-010380','202.202.43.205','否') [ RunTime:0.0005s ]

[ 2015-10-11T13:05:23+08:00 ] ::1 /report/?m=Home&c=Submit&a=index
INFO: [ app_init ] --START--
INFO: Run Behavior\BuildLiteBehavior [ RunTime:0.000007s ]
INFO: [ app_init ] --END-- [ RunTime:0.000034s ]
INFO: [ app_begin ] --START--
INFO: Run Behavior\ReadHtmlCacheBehavior [ RunTime:0.000230s ]
INFO: [ app_begin ] --END-- [ RunTime:0.000263s ]

[ 2015-10-11T13:05:40+08:00 ] ::1 /report/?m=Home&c=Submit&a=index
INFO: [ app_init ] --START--
INFO: Run Behavior\BuildLiteBehavior [ RunTime:0.000039s ]
INFO: [ app_init ] --END-- [ RunTime:0.000164s ]
INFO: [ app_begin ] --START--
INFO: Run Behavior\ReadHtmlCacheBehavior [ RunTime:0.000666s ]
INFO: [ app_begin ] --END-- [ RunTime:0.000755s ]
INFO: [ view_parse ] --START--
INFO: [ template_filter ] --START--
INFO: Run Behavior\ContentReplaceBehavior [ RunTime:0.000044s ]
INFO: [ template_filter ] --END-- [ RunTime:0.000104s ]
INFO: Run Behavior\ParseTemplateBehavior [ RunTime:0.013581s ]
INFO: [ view_parse ] --END-- [ RunTime:0.013670s ]
INFO: [ view_filter ] --START--
INFO: Run Behavior\WriteHtmlCacheBehavior [ RunTime:0.000921s ]
INFO: [ view_filter ] --END-- [ RunTime:0.000960s ]

[ 2015-10-11T13:06:02+08:00 ] ::1 /report/
INFO: [ app_init ] --START--
INFO: Run Behavior\BuildLiteBehavior [ RunTime:0.000015s ]
INFO: [ app_init ] --END-- [ RunTime:0.000104s ]
INFO: [ app_begin ] --START--
INFO: Run Behavior\ReadHtmlCacheBehavior [ RunTime:0.000573s ]
INFO: [ app_begin ] --END-- [ RunTime:0.000645s ]
NOTIC: [8] Undefined index: xm /Users/duzexuan/www/report/APP/Home/Common/function.php 第 13 行.
NOTIC: [8] Undefined index: ip /Users/duzexuan/www/report/APP/Home/Common/function.php 第 13 行.
NOTIC: [8] Undefined index: bt /Users/duzexuan/www/report/APP/Home/Common/function.php 第 13 行.
NOTIC: [8] Undefined index: fwxmh /Users/duzexuan/www/report/APP/Home/Common/function.php 第 13 行.
NOTIC: [8] Undefined index: bxdh /Users/duzexuan/www/report/APP/Home/Common/function.php 第 13 行.
NOTIC: [8] Undefined index: fwqyh /Users/duzexuan/www/report/APP/Home/Common/function.php 第 13 行.
NOTIC: [8] Undefined index: bxdd /Users/duzexuan/www/report/APP/Home/Common/function.php 第 13 行.
NOTIC: [8] Undefined index: bxnr /Users/duzexuan/www/report/APP/Home/Common/function.php 第 13 行.
SQL: SHOW COLUMNS FROM `wx_globle` [ RunTime:0.0044s ]
NOTIC: [2] Illegal string offset '#text' /Users/duzexuan/www/report/APP/Home/Model/GlobleModel.class.php 第 7 行.
NOTIC: [8] Uninitialized string offset: 0 /Users/duzexuan/www/report/APP/Home/Model/GlobleModel.class.php 第 7 行.
NOTIC: [2] Illegal string offset '#text' /Users/duzexuan/www/report/APP/Home/Model/GlobleModel.class.php 第 7 行.
NOTIC: [8] Uninitialized string offset: 0 /Users/duzexuan/www/report/APP/Home/Model/GlobleModel.class.php 第 7 行.
NOTIC: [2] Illegal string offset '#text' /Users/duzexuan/www/report/APP/Home/Model/GlobleModel.class.php 第 7 行.
NOTIC: [8] Uninitialized string offset: 0 /Users/duzexuan/www/report/APP/Home/Model/GlobleModel.class.php 第 7 行.
NOTIC: [2] Illegal string offset '#text' /Users/duzexuan/www/report/APP/Home/Model/GlobleModel.class.php 第 7 行.
NOTIC: [8] Uninitialized string offset: 0 /Users/duzexuan/www/report/APP/Home/Model/GlobleModel.class.php 第 7 行.
NOTIC: [2] Illegal string offset '#text' /Users/duzexuan/www/report/APP/Home/Model/GlobleModel.class.php 第 7 行.
NOTIC: [8] Uninitialized string offset: 0 /Users/duzexuan/www/report/APP/Home/Model/GlobleModel.class.php 第 7 行.
NOTIC: [2] Illegal string offset '#text' /Users/duzexuan/www/report/APP/Home/Model/GlobleModel.class.php 第 7 行.
NOTIC: [8] Uninitialized string offset: 0 /Users/duzexuan/www/report/APP/Home/Model/GlobleModel.class.php 第 7 行.
SQL: SHOW COLUMNS FROM `wx_globle` [ RunTime:0.0018s ]
SQL: SELECT * FROM `wx_globle` WHERE `wx_djh` = 'a66222d0-f5ba-4fe5-86d4-a3cd01815db4'  [ RunTime:0.0003s ]
NOTIC: [2] Illegal offset type in isset or empty /Users/duzexuan/www/report/ThinkPHP/Library/Think/Model.class.php 第 511 行.
SQL: DELETE FROM `wx_globle` WHERE `wx_djh` = 'a66222d0-f5ba-4fe5-86d4-a3cd01815db4' [ RunTime:0.0012s ]
SQL: INSERT INTO `wx_globle` (`wx_djh`,`wx_bt`,`wx_bxlxh`,`wx_bxlxm`,`wx_bxrrzm`,`wx_bxr`,`wx_bxsj`,`wx_bxdh`,`wx_fwqyh`,`wx_bxdd`,`wx_bxnr`,`wx_slr`,`wx_shr`,`wx_cxr`,`wx_ysfz`,`wx_ysqk`,`wx_hfr`,`wx_hfmyd`,`wx_hfjy`,`wx_fwqym`,`wx_wxztm`,`wx_wxgm`,`wx_cxbmm`,`xysj`,`wx_wxdh`,`wx_bxip`,`wx_sfkhf`) VALUES ('a66222d0-f5ba-4fe5-86d4-a3cd01815db4','停水','0102','水管','1635841                             ','刘晨凌','2014-10-23 23:41:18','10086','e51e1aae-8aa3-4546-aaab-a18d013873b0','123','<p>停水</p>','李开宇','李开宇','','0','','','','','学生公寓区','已受理','','物业管理中心','10-20分钟响应','Y2014102323-010380','202.202.43.205','否') [ RunTime:0.0004s ]

[ 2015-10-11T13:06:10+08:00 ] ::1 /report/?m=Home&c=Submit&a=
INFO: [ app_init ] --START--
INFO: Run Behavior\BuildLiteBehavior [ RunTime:0.000010s ]
INFO: [ app_init ] --END-- [ RunTime:0.000105s ]
INFO: [ app_begin ] --START--
INFO: Run Behavior\ReadHtmlCacheBehavior [ RunTime:0.000411s ]
INFO: [ app_begin ] --END-- [ RunTime:0.000467s ]
INFO: [ view_parse ] --START--
INFO: [ template_filter ] --START--
INFO: Run Behavior\ContentReplaceBehavior [ RunTime:0.000036s ]
INFO: [ template_filter ] --END-- [ RunTime:0.000093s ]
INFO: Run Behavior\ParseTemplateBehavior [ RunTime:0.008966s ]
INFO: [ view_parse ] --END-- [ RunTime:0.009054s ]
INFO: [ view_filter ] --START--
INFO: Run Behavior\WriteHtmlCacheBehavior [ RunTime:0.000117s ]
INFO: [ view_filter ] --END-- [ RunTime:0.000138s ]

[ 2015-10-11T13:06:28+08:00 ] ::1 /report/?m=Home&c=Submit&a=submit
INFO: [ app_init ] --START--
INFO: Run Behavior\BuildLiteBehavior [ RunTime:0.000013s ]
INFO: [ app_init ] --END-- [ RunTime:0.000080s ]
INFO: [ app_begin ] --START--
INFO: Run Behavior\ReadHtmlCacheBehavior [ RunTime:0.000329s ]
INFO: [ app_begin ] --END-- [ RunTime:0.000383s ]
NOTIC: [8] Undefined index: id /Users/duzexuan/www/report/APP/Home/Common/function.php 第 6 行.
NOTIC: [8] Undefined index: appId /Users/duzexuan/www/report/APP/Home/Common/function.php 第 6 行.
NOTIC: [8] Undefined index: id /Users/duzexuan/www/report/APP/Home/Common/function.php 第 8 行.
NOTIC: [8] Undefined index: cateId /Users/duzexuan/www/report/APP/Home/Common/function.php 第 9 行.
NOTIC: [8] Undefined index: fwqyh /Users/duzexuan/www/report/APP/Home/Common/function.php 第 13 行.
NOTIC: [8] Undefined index: bxdd /Users/duzexuan/www/report/APP/Home/Common/function.php 第 13 行.

[ 2015-10-11T13:06:51+08:00 ] ::1 /report/?m=Home&c=Submit&a=submit
INFO: [ app_init ] --START--
INFO: Run Behavior\BuildLiteBehavior [ RunTime:0.000011s ]
INFO: [ app_init ] --END-- [ RunTime:0.000076s ]
INFO: [ app_begin ] --START--
INFO: Run Behavior\ReadHtmlCacheBehavior [ RunTime:0.000334s ]
INFO: [ app_begin ] --END-- [ RunTime:0.000383s ]
NOTIC: [8] Undefined index: id /Users/duzexuan/www/report/APP/Home/Common/function.php 第 6 行.
NOTIC: [8] Undefined index: appId /Users/duzexuan/www/report/APP/Home/Common/function.php 第 6 行.
NOTIC: [8] Undefined index: id /Users/duzexuan/www/report/APP/Home/Common/function.php 第 8 行.
NOTIC: [8] Undefined index: cateId /Users/duzexuan/www/report/APP/Home/Common/function.php 第 9 行.
NOTIC: [8] Undefined index: fwqyh /Users/duzexuan/www/report/APP/Home/Common/function.php 第 13 行.
NOTIC: [8] Undefined index: bxdd /Users/duzexuan/www/report/APP/Home/Common/function.php 第 13 行.

[ 2015-10-11T13:09:03+08:00 ] ::1 /report/?m=Home&c=Submit&a=submit
INFO: [ app_init ] --START--
INFO: Run Behavior\BuildLiteBehavior [ RunTime:0.000011s ]
INFO: [ app_init ] --END-- [ RunTime:0.000050s ]
INFO: [ app_begin ] --START--
INFO: Run Behavior\ReadHtmlCacheBehavior [ RunTime:0.000229s ]
INFO: [ app_begin ] --END-- [ RunTime:0.000260s ]
NOTIC: [8] Undefined index: id /Users/duzexuan/www/report/APP/Home/Common/function.php 第 6 行.
NOTIC: [8] Undefined index: appId /Users/duzexuan/www/report/APP/Home/Common/function.php 第 6 行.
NOTIC: [8] Undefined index: id /Users/duzexuan/www/report/APP/Home/Common/function.php 第 8 行.
NOTIC: [8] Undefined index: cateId /Users/duzexuan/www/report/APP/Home/Common/function.php 第 9 行.
NOTIC: [8] Undefined index: fwqyh /Users/duzexuan/www/report/APP/Home/Common/function.php 第 13 行.
NOTIC: [8] Undefined index: bxdd /Users/duzexuan/www/report/APP/Home/Common/function.php 第 13 行.

[ 2015-10-11T13:10:56+08:00 ] ::1 /report/?m=Home&c=Submit&a=submit
INFO: [ app_init ] --START--
INFO: Run Behavior\BuildLiteBehavior [ RunTime:0.000009s ]
INFO: [ app_init ] --END-- [ RunTime:0.000041s ]
INFO: [ app_begin ] --START--
INFO: Run Behavior\ReadHtmlCacheBehavior [ RunTime:0.000261s ]
INFO: [ app_begin ] --END-- [ RunTime:0.000297s ]
NOTIC: [8] Undefined index: id /Users/duzexuan/www/report/APP/Home/Common/function.php 第 6 行.
NOTIC: [8] Undefined index: appId /Users/duzexuan/www/report/APP/Home/Common/function.php 第 6 行.
NOTIC: [8] Undefined index: id /Users/duzexuan/www/report/APP/Home/Common/function.php 第 8 行.
NOTIC: [8] Undefined index: cateId /Users/duzexuan/www/report/APP/Home/Common/function.php 第 9 行.
NOTIC: [8] Undefined index: rzm /Users/duzexuan/www/report/APP/Home/Common/function.php 第 12 行.
NOTIC: [8] Undefined index: wxdjh /Users/duzexuan/www/report/APP/Home/Common/function.php 第 12 行.
NOTIC: [8] Undefined index: hfmyd /Users/duzexuan/www/report/APP/Home/Common/function.php 第 12 行.
NOTIC: [8] Undefined index: hfjy /Users/duzexuan/www/report/APP/Home/Common/function.php 第 12 行.
NOTIC: [8] Undefined index: rzm /Users/duzexuan/www/report/APP/Home/Common/function.php 第 13 行.
NOTIC: [8] Undefined index: xm /Users/duzexuan/www/report/APP/Home/Common/function.php 第 13 行.
NOTIC: [8] Undefined index: ip /Users/duzexuan/www/report/APP/Home/Common/function.php 第 13 行.
NOTIC: [8] Undefined index: bt /Users/duzexuan/www/report/APP/Home/Common/function.php 第 13 行.
NOTIC: [8] Undefined index: fwxmh /Users/duzexuan/www/report/APP/Home/Common/function.php 第 13 行.
NOTIC: [8] Undefined index: bxdh /Users/duzexuan/www/report/APP/Home/Common/function.php 第 13 行.
NOTIC: [8] Undefined index: fwqyh /Users/duzexuan/www/report/APP/Home/Common/function.php 第 13 行.
NOTIC: [8] Undefined index: bxdd /Users/duzexuan/www/report/APP/Home/Common/function.php 第 13 行.
NOTIC: [8] Undefined index: bxnr /Users/duzexuan/www/report/APP/Home/Common/function.php 第 13 行.

[ 2015-10-11T13:10:59+08:00 ] ::1 /report/?m=Home&c=Submit&a=submit
INFO: [ app_init ] --START--
INFO: Run Behavior\BuildLiteBehavior [ RunTime:0.000012s ]
INFO: [ app_init ] --END-- [ RunTime:0.000057s ]
INFO: [ app_begin ] --START--
INFO: Run Behavior\ReadHtmlCacheBehavior [ RunTime:0.000305s ]
INFO: [ app_begin ] --END-- [ RunTime:0.000354s ]
NOTIC: [8] Undefined index: id /Users/duzexuan/www/report/APP/Home/Common/function.php 第 6 行.
NOTIC: [8] Undefined index: appId /Users/duzexuan/www/report/APP/Home/Common/function.php 第 6 行.
NOTIC: [8] Undefined index: id /Users/duzexuan/www/report/APP/Home/Common/function.php 第 8 行.
NOTIC: [8] Undefined index: cateId /Users/duzexuan/www/report/APP/Home/Common/function.php 第 9 行.
NOTIC: [8] Undefined index: rzm /Users/duzexuan/www/report/APP/Home/Common/function.php 第 12 行.
NOTIC: [8] Undefined index: wxdjh /Users/duzexuan/www/report/APP/Home/Common/function.php 第 12 行.
NOTIC: [8] Undefined index: hfmyd /Users/duzexuan/www/report/APP/Home/Common/function.php 第 12 行.
NOTIC: [8] Undefined index: hfjy /Users/duzexuan/www/report/APP/Home/Common/function.php 第 12 行.
NOTIC: [8] Undefined index: rzm /Users/duzexuan/www/report/APP/Home/Common/function.php 第 13 行.
NOTIC: [8] Undefined index: xm /Users/duzexuan/www/report/APP/Home/Common/function.php 第 13 行.
NOTIC: [8] Undefined index: ip /Users/duzexuan/www/report/APP/Home/Common/function.php 第 13 行.
NOTIC: [8] Undefined index: bt /Users/duzexuan/www/report/APP/Home/Common/function.php 第 13 行.
NOTIC: [8] Undefined index: fwxmh /Users/duzexuan/www/report/APP/Home/Common/function.php 第 13 行.
NOTIC: [8] Undefined index: bxdh /Users/duzexuan/www/report/APP/Home/Common/function.php 第 13 行.
NOTIC: [8] Undefined index: fwqyh /Users/duzexuan/www/report/APP/Home/Common/function.php 第 13 行.
NOTIC: [8] Undefined index: bxdd /Users/duzexuan/www/report/APP/Home/Common/function.php 第 13 行.
NOTIC: [8] Undefined index: bxnr /Users/duzexuan/www/report/APP/Home/Common/function.php 第 13 行.

[ 2015-10-11T13:11:21+08:00 ] ::1 /report/?m=Home&c=Submit&a=submit
INFO: [ app_init ] --START--
INFO: Run Behavior\BuildLiteBehavior [ RunTime:0.000032s ]
INFO: [ app_init ] --END-- [ RunTime:0.000106s ]
INFO: [ app_begin ] --START--
INFO: Run Behavior\ReadHtmlCacheBehavior [ RunTime:0.000263s ]
INFO: [ app_begin ] --END-- [ RunTime:0.000302s ]
NOTIC: [8] Undefined index: id /Users/duzexuan/www/report/APP/Home/Common/function.php 第 6 行.
NOTIC: [8] Undefined index: appId /Users/duzexuan/www/report/APP/Home/Common/function.php 第 6 行.
NOTIC: [8] Undefined index: id /Users/duzexuan/www/report/APP/Home/Common/function.php 第 8 行.
NOTIC: [8] Undefined index: cateId /Users/duzexuan/www/report/APP/Home/Common/function.php 第 9 行.
NOTIC: [8] Undefined index: rzm /Users/duzexuan/www/report/APP/Home/Common/function.php 第 12 行.
NOTIC: [8] Undefined index: wxdjh /Users/duzexuan/www/report/APP/Home/Common/function.php 第 12 行.
NOTIC: [8] Undefined index: hfmyd /Users/duzexuan/www/report/APP/Home/Common/function.php 第 12 行.
NOTIC: [8] Undefined index: hfjy /Users/duzexuan/www/report/APP/Home/Common/function.php 第 12 行.
NOTIC: [8] Undefined index: rzm /Users/duzexuan/www/report/APP/Home/Common/function.php 第 13 行.
NOTIC: [8] Undefined index: xm /Users/duzexuan/www/report/APP/Home/Common/function.php 第 13 行.
NOTIC: [8] Undefined index: ip /Users/duzexuan/www/report/APP/Home/Common/function.php 第 13 行.
NOTIC: [8] Undefined index: bt /Users/duzexuan/www/report/APP/Home/Common/function.php 第 13 行.
NOTIC: [8] Undefined index: fwxmh /Users/duzexuan/www/report/APP/Home/Common/function.php 第 13 行.
NOTIC: [8] Undefined index: bxdh /Users/duzexuan/www/report/APP/Home/Common/function.php 第 13 行.
NOTIC: [8] Undefined index: fwqyh /Users/duzexuan/www/report/APP/Home/Common/function.php 第 13 行.
NOTIC: [8] Undefined index: bxdd /Users/duzexuan/www/report/APP/Home/Common/function.php 第 13 行.
NOTIC: [8] Undefined index: bxnr /Users/duzexuan/www/report/APP/Home/Common/function.php 第 13 行.

[ 2015-10-11T13:13:02+08:00 ] ::1 /report/
INFO: [ app_init ] --START--
INFO: Run Behavior\BuildLiteBehavior [ RunTime:0.000007s ]
INFO: [ app_init ] --END-- [ RunTime:0.000034s ]
INFO: [ app_begin ] --START--
INFO: Run Behavior\ReadHtmlCacheBehavior [ RunTime:0.000549s ]
INFO: [ app_begin ] --END-- [ RunTime:0.000634s ]
NOTIC: [8] Undefined index: xm /Users/duzexuan/www/report/APP/Home/Common/function.php 第 13 行.
NOTIC: [8] Undefined index: ip /Users/duzexuan/www/report/APP/Home/Common/function.php 第 13 行.
NOTIC: [8] Undefined index: bt /Users/duzexuan/www/report/APP/Home/Common/function.php 第 13 行.
NOTIC: [8] Undefined index: fwxmh /Users/duzexuan/www/report/APP/Home/Common/function.php 第 13 行.
NOTIC: [8] Undefined index: bxdh /Users/duzexuan/www/report/APP/Home/Common/function.php 第 13 行.
NOTIC: [8] Undefined index: fwqyh /Users/duzexuan/www/report/APP/Home/Common/function.php 第 13 行.
NOTIC: [8] Undefined index: bxdd /Users/duzexuan/www/report/APP/Home/Common/function.php 第 13 行.
NOTIC: [8] Undefined index: bxnr /Users/duzexuan/www/report/APP/Home/Common/function.php 第 13 行.
SQL: SHOW COLUMNS FROM `wx_globle` [ RunTime:0.0024s ]
NOTIC: [2] Illegal string offset '#text' /Users/duzexuan/www/report/APP/Home/Model/GlobleModel.class.php 第 7 行.
NOTIC: [8] Uninitialized string offset: 0 /Users/duzexuan/www/report/APP/Home/Model/GlobleModel.class.php 第 7 行.
NOTIC: [2] Illegal string offset '#text' /Users/duzexuan/www/report/APP/Home/Model/GlobleModel.class.php 第 7 行.
NOTIC: [8] Uninitialized string offset: 0 /Users/duzexuan/www/report/APP/Home/Model/GlobleModel.class.php 第 7 行.
NOTIC: [2] Illegal string offset '#text' /Users/duzexuan/www/report/APP/Home/Model/GlobleModel.class.php 第 7 行.
NOTIC: [8] Uninitialized string offset: 0 /Users/duzexuan/www/report/APP/Home/Model/GlobleModel.class.php 第 7 行.
NOTIC: [2] Illegal string offset '#text' /Users/duzexuan/www/report/APP/Home/Model/GlobleModel.class.php 第 7 行.
NOTIC: [8] Uninitialized string offset: 0 /Users/duzexuan/www/report/APP/Home/Model/GlobleModel.class.php 第 7 行.
NOTIC: [2] Illegal string offset '#text' /Users/duzexuan/www/report/APP/Home/Model/GlobleModel.class.php 第 7 行.
NOTIC: [8] Uninitialized string offset: 0 /Users/duzexuan/www/report/APP/Home/Model/GlobleModel.class.php 第 7 行.
NOTIC: [2] Illegal string offset '#text' /Users/duzexuan/www/report/APP/Home/Model/GlobleModel.class.php 第 7 行.
NOTIC: [8] Uninitialized string offset: 0 /Users/duzexuan/www/report/APP/Home/Model/GlobleModel.class.php 第 7 行.
SQL: SHOW COLUMNS FROM `wx_globle` [ RunTime:0.0022s ]
SQL: SELECT * FROM `wx_globle` WHERE `wx_djh` = 'a66222d0-f5ba-4fe5-86d4-a3cd01815db4'  [ RunTime:0.0003s ]
NOTIC: [2] Illegal offset type in isset or empty /Users/duzexuan/www/report/ThinkPHP/Library/Think/Model.class.php 第 511 行.
SQL: DELETE FROM `wx_globle` WHERE `wx_djh` = 'a66222d0-f5ba-4fe5-86d4-a3cd01815db4' [ RunTime:0.0012s ]
SQL: INSERT INTO `wx_globle` (`wx_djh`,`wx_bt`,`wx_bxlxh`,`wx_bxlxm`,`wx_bxrrzm`,`wx_bxr`,`wx_bxsj`,`wx_bxdh`,`wx_fwqyh`,`wx_bxdd`,`wx_bxnr`,`wx_slr`,`wx_shr`,`wx_cxr`,`wx_ysfz`,`wx_ysqk`,`wx_hfr`,`wx_hfmyd`,`wx_hfjy`,`wx_fwqym`,`wx_wxztm`,`wx_wxgm`,`wx_cxbmm`,`xysj`,`wx_wxdh`,`wx_bxip`,`wx_sfkhf`) VALUES ('a66222d0-f5ba-4fe5-86d4-a3cd01815db4','停水','0102','水管','1635841                             ','刘晨凌','2014-10-23 23:41:18','10086','e51e1aae-8aa3-4546-aaab-a18d013873b0','123','<p>停水</p>','李开宇','李开宇','','0','','','','','学生公寓区','已受理','','物业管理中心','10-20分钟响应','Y2014102323-010380','202.202.43.205','否') [ RunTime:0.0006s ]

[ 2015-10-11T13:31:12+08:00 ] ::1 /report/
INFO: [ app_init ] --START--
INFO: Run Behavior\BuildLiteBehavior [ RunTime:0.000010s ]
INFO: [ app_init ] --END-- [ RunTime:0.000042s ]
INFO: [ app_begin ] --START--
INFO: Run Behavior\ReadHtmlCacheBehavior [ RunTime:0.000400s ]
INFO: [ app_begin ] --END-- [ RunTime:0.000433s ]
NOTIC: [8] Undefined index: xm /Users/duzexuan/www/report/APP/Home/Common/function.php 第 13 行.
NOTIC: [8] Undefined index: ip /Users/duzexuan/www/report/APP/Home/Common/function.php 第 13 行.
NOTIC: [8] Undefined index: bt /Users/duzexuan/www/report/APP/Home/Common/function.php 第 13 行.
NOTIC: [8] Undefined index: fwxmh /Users/duzexuan/www/report/APP/Home/Common/function.php 第 13 行.
NOTIC: [8] Undefined index: bxdh /Users/duzexuan/www/report/APP/Home/Common/function.php 第 13 行.
NOTIC: [8] Undefined index: fwqyh /Users/duzexuan/www/report/APP/Home/Common/function.php 第 13 行.
NOTIC: [8] Undefined index: bxdd /Users/duzexuan/www/report/APP/Home/Common/function.php 第 13 行.
NOTIC: [8] Undefined index: bxnr /Users/duzexuan/www/report/APP/Home/Common/function.php 第 13 行.
SQL: SHOW COLUMNS FROM `wx_globle` [ RunTime:0.0033s ]
NOTIC: [2] Illegal string offset '#text' /Users/duzexuan/www/report/APP/Home/Model/GlobleModel.class.php 第 7 行.
NOTIC: [8] Uninitialized string offset: 0 /Users/duzexuan/www/report/APP/Home/Model/GlobleModel.class.php 第 7 行.
NOTIC: [2] Illegal string offset '#text' /Users/duzexuan/www/report/APP/Home/Model/GlobleModel.class.php 第 7 行.
NOTIC: [8] Uninitialized string offset: 0 /Users/duzexuan/www/report/APP/Home/Model/GlobleModel.class.php 第 7 行.
NOTIC: [2] Illegal string offset '#text' /Users/duzexuan/www/report/APP/Home/Model/GlobleModel.class.php 第 7 行.
NOTIC: [8] Uninitialized string offset: 0 /Users/duzexuan/www/report/APP/Home/Model/GlobleModel.class.php 第 7 行.
NOTIC: [2] Illegal string offset '#text' /Users/duzexuan/www/report/APP/Home/Model/GlobleModel.class.php 第 7 行.
NOTIC: [8] Uninitialized string offset: 0 /Users/duzexuan/www/report/APP/Home/Model/GlobleModel.class.php 第 7 行.
NOTIC: [2] Illegal string offset '#text' /Users/duzexuan/www/report/APP/Home/Model/GlobleModel.class.php 第 7 行.
NOTIC: [8] Uninitialized string offset: 0 /Users/duzexuan/www/report/APP/Home/Model/GlobleModel.class.php 第 7 行.
NOTIC: [2] Illegal string offset '#text' /Users/duzexuan/www/report/APP/Home/Model/GlobleModel.class.php 第 7 行.
NOTIC: [8] Uninitialized string offset: 0 /Users/duzexuan/www/report/APP/Home/Model/GlobleModel.class.php 第 7 行.
SQL: SHOW COLUMNS FROM `wx_globle` [ RunTime:0.0034s ]
SQL: SELECT * FROM `wx_globle` WHERE `wx_djh` = 'a66222d0-f5ba-4fe5-86d4-a3cd01815db4'  [ RunTime:0.0003s ]
NOTIC: [2] Illegal offset type in isset or empty /Users/duzexuan/www/report/ThinkPHP/Library/Think/Model.class.php 第 511 行.
SQL: DELETE FROM `wx_globle` WHERE `wx_djh` = 'a66222d0-f5ba-4fe5-86d4-a3cd01815db4' [ RunTime:0.0014s ]
SQL: INSERT INTO `wx_globle` (`wx_djh`,`wx_bt`,`wx_bxlxh`,`wx_bxlxm`,`wx_bxrrzm`,`wx_bxr`,`wx_bxsj`,`wx_bxdh`,`wx_fwqyh`,`wx_bxdd`,`wx_bxnr`,`wx_slr`,`wx_shr`,`wx_cxr`,`wx_ysfz`,`wx_ysqk`,`wx_hfr`,`wx_hfmyd`,`wx_hfjy`,`wx_fwqym`,`wx_wxztm`,`wx_wxgm`,`wx_cxbmm`,`xysj`,`wx_wxdh`,`wx_bxip`,`wx_sfkhf`) VALUES ('a66222d0-f5ba-4fe5-86d4-a3cd01815db4','停水','0102','水管','1635841                             ','刘晨凌','2014-10-23 23:41:18','10086','e51e1aae-8aa3-4546-aaab-a18d013873b0','123','<p>停水</p>','李开宇','李开宇','','0','','','','','学生公寓区','已受理','','物业管理中心','10-20分钟响应','Y2014102323-010380','202.202.43.205','否') [ RunTime:0.0003s ]

[ 2015-10-11T13:31:47+08:00 ] ::1 /report/
INFO: [ app_init ] --START--
INFO: Run Behavior\BuildLiteBehavior [ RunTime:0.000008s ]
INFO: [ app_init ] --END-- [ RunTime:0.000038s ]
INFO: [ app_begin ] --START--
INFO: Run Behavior\ReadHtmlCacheBehavior [ RunTime:0.000217s ]
INFO: [ app_begin ] --END-- [ RunTime:0.000244s ]
INFO: [ view_parse ] --START--
INFO: [ template_filter ] --START--
INFO: Run Behavior\ContentReplaceBehavior [ RunTime:0.000037s ]
INFO: [ template_filter ] --END-- [ RunTime:0.000088s ]
INFO: Run Behavior\ParseTemplateBehavior [ RunTime:0.010454s ]
INFO: [ view_parse ] --END-- [ RunTime:0.010487s ]
INFO: [ view_filter ] --START--
INFO: Run Behavior\WriteHtmlCacheBehavior [ RunTime:0.001285s ]
INFO: [ view_filter ] --END-- [ RunTime:0.001332s ]
INFO: [ app_end ] --START--
INFO: Run Behavior\ShowPageTraceBehavior [ RunTime:0.001812s ]
INFO: [ app_end ] --END-- [ RunTime:0.001854s ]

[ 2015-10-11T13:37:31+08:00 ] ::1 /report/
INFO: [ app_init ] --START--
INFO: Run Behavior\BuildLiteBehavior [ RunTime:0.000014s ]
INFO: [ app_init ] --END-- [ RunTime:0.000073s ]
INFO: [ app_begin ] --START--
INFO: Run Behavior\ReadHtmlCacheBehavior [ RunTime:0.000540s ]
INFO: [ app_begin ] --END-- [ RunTime:0.000579s ]
INFO: [ view_parse ] --START--
INFO: [ template_filter ] --START--
INFO: Run Behavior\ContentReplaceBehavior [ RunTime:0.000028s ]
INFO: [ template_filter ] --END-- [ RunTime:0.000064s ]
INFO: Run Behavior\ParseTemplateBehavior [ RunTime:0.005657s ]
INFO: [ view_parse ] --END-- [ RunTime:0.005688s ]
INFO: [ view_filter ] --START--
INFO: Run Behavior\WriteHtmlCacheBehavior [ RunTime:0.000814s ]
INFO: [ view_filter ] --END-- [ RunTime:0.000839s ]
INFO: [ app_end ] --START--
INFO: Run Behavior\ShowPageTraceBehavior [ RunTime:0.000435s ]
INFO: [ app_end ] --END-- [ RunTime:0.000462s ]

[ 2015-10-11T13:39:09+08:00 ] ::1 /report/?m=Home&c=Detail&a=index
INFO: [ app_init ] --START--
INFO: Run Behavior\BuildLiteBehavior [ RunTime:0.000012s ]
INFO: [ app_init ] --END-- [ RunTime:0.000053s ]
INFO: [ app_begin ] --START--
INFO: Run Behavior\ReadHtmlCacheBehavior [ RunTime:0.000343s ]
INFO: [ app_begin ] --END-- [ RunTime:0.000373s ]
INFO: [ view_parse ] --START--
INFO: [ template_filter ] --START--
INFO: Run Behavior\ContentReplaceBehavior [ RunTime:0.000027s ]
INFO: [ template_filter ] --END-- [ RunTime:0.000104s ]
INFO: Run Behavior\ParseTemplateBehavior [ RunTime:0.008867s ]
INFO: [ view_parse ] --END-- [ RunTime:0.008905s ]
INFO: [ view_filter ] --START--
INFO: Run Behavior\WriteHtmlCacheBehavior [ RunTime:0.000097s ]
INFO: [ view_filter ] --END-- [ RunTime:0.000118s ]
INFO: [ app_end ] --START--
INFO: Run Behavior\ShowPageTraceBehavior [ RunTime:0.000273s ]
INFO: [ app_end ] --END-- [ RunTime:0.000301s ]

[ 2015-10-11T13:39:37+08:00 ] ::1 /report/?m=Home&c=Submit&a=index
INFO: [ app_init ] --START--
INFO: Run Behavior\BuildLiteBehavior [ RunTime:0.000007s ]
INFO: [ app_init ] --END-- [ RunTime:0.000034s ]
INFO: [ app_begin ] --START--
INFO: Run Behavior\ReadHtmlCacheBehavior [ RunTime:0.000216s ]
INFO: [ app_begin ] --END-- [ RunTime:0.000244s ]
INFO: [ view_parse ] --START--
INFO: [ template_filter ] --START--
INFO: Run Behavior\ContentReplaceBehavior [ RunTime:0.000035s ]
INFO: [ template_filter ] --END-- [ RunTime:0.000106s ]
INFO: Run Behavior\ParseTemplateBehavior [ RunTime:0.011706s ]
INFO: [ view_parse ] --END-- [ RunTime:0.011763s ]
INFO: [ view_filter ] --START--
INFO: Run Behavior\WriteHtmlCacheBehavior [ RunTime:0.000110s ]
INFO: [ view_filter ] --END-- [ RunTime:0.000131s ]

[ 2015-10-11T13:39:41+08:00 ] ::1 /report/?m=Home&c=Detail&a=index
INFO: [ app_init ] --START--
INFO: Run Behavior\BuildLiteBehavior [ RunTime:0.000007s ]
INFO: [ app_init ] --END-- [ RunTime:0.000033s ]
INFO: [ app_begin ] --START--
INFO: Run Behavior\ReadHtmlCacheBehavior [ RunTime:0.000293s ]
INFO: [ app_begin ] --END-- [ RunTime:0.000334s ]
INFO: [ view_parse ] --START--
INFO: [ template_filter ] --START--
INFO: Run Behavior\ContentReplaceBehavior [ RunTime:0.000041s ]
INFO: [ template_filter ] --END-- [ RunTime:0.000101s ]
INFO: Run Behavior\ParseTemplateBehavior [ RunTime:0.010177s ]
INFO: [ view_parse ] --END-- [ RunTime:0.010269s ]
INFO: [ view_filter ] --START--
INFO: Run Behavior\WriteHtmlCacheBehavior [ RunTime:0.000195s ]
INFO: [ view_filter ] --END-- [ RunTime:0.000235s ]
INFO: [ app_end ] --START--
INFO: Run Behavior\ShowPageTraceBehavior [ RunTime:0.000487s ]
INFO: [ app_end ] --END-- [ RunTime:0.000551s ]

[ 2015-10-11T13:40:27+08:00 ] ::1 /report/?m=Home&c=Detail&a=index
INFO: [ app_init ] --START--
INFO: Run Behavior\BuildLiteBehavior [ RunTime:0.000009s ]
INFO: [ app_init ] --END-- [ RunTime:0.000049s ]
INFO: [ app_begin ] --START--
INFO: Run Behavior\ReadHtmlCacheBehavior [ RunTime:0.000316s ]
INFO: [ app_begin ] --END-- [ RunTime:0.000355s ]
INFO: [ view_parse ] --START--
INFO: [ template_filter ] --START--
INFO: Run Behavior\ContentReplaceBehavior [ RunTime:0.000024s ]
INFO: [ template_filter ] --END-- [ RunTime:0.000061s ]
INFO: Run Behavior\ParseTemplateBehavior [ RunTime:0.004445s ]
INFO: [ view_parse ] --END-- [ RunTime:0.004475s ]
INFO: [ view_filter ] --START--
INFO: Run Behavior\WriteHtmlCacheBehavior [ RunTime:0.000081s ]
INFO: [ view_filter ] --END-- [ RunTime:0.000100s ]
INFO: [ app_end ] --START--
INFO: Run Behavior\ShowPageTraceBehavior [ RunTime:0.000289s ]
INFO: [ app_end ] --END-- [ RunTime:0.000316s ]

[ 2015-10-11T13:40:31+08:00 ] ::1 /report/?m=Home&c=Submit&a=index
INFO: [ app_init ] --START--
INFO: Run Behavior\BuildLiteBehavior [ RunTime:0.000049s ]
INFO: [ app_init ] --END-- [ RunTime:0.000092s ]
INFO: [ app_begin ] --START--
INFO: Run Behavior\ReadHtmlCacheBehavior [ RunTime:0.000343s ]
INFO: [ app_begin ] --END-- [ RunTime:0.000416s ]
INFO: [ view_parse ] --START--
INFO: [ template_filter ] --START--
INFO: Run Behavior\ContentReplaceBehavior [ RunTime:0.000024s ]
INFO: [ template_filter ] --END-- [ RunTime:0.000060s ]
INFO: Run Behavior\ParseTemplateBehavior [ RunTime:0.009609s ]
INFO: [ view_parse ] --END-- [ RunTime:0.009668s ]
INFO: [ view_filter ] --START--
INFO: Run Behavior\WriteHtmlCacheBehavior [ RunTime:0.000146s ]
INFO: [ view_filter ] --END-- [ RunTime:0.000181s ]
INFO: [ app_end ] --START--
INFO: Run Behavior\ShowPageTraceBehavior [ RunTime:0.000482s ]
INFO: [ app_end ] --END-- [ RunTime:0.000533s ]

[ 2015-10-11T14:06:14+08:00 ] ::1 /report/?m=Home&c=Detail&a=getInfo_by_wxdh
INFO: [ app_init ] --START--
INFO: Run Behavior\BuildLiteBehavior [ RunTime:0.000007s ]
INFO: [ app_init ] --END-- [ RunTime:0.000034s ]
INFO: [ app_begin ] --START--
INFO: Run Behavior\ReadHtmlCacheBehavior [ RunTime:0.000215s ]
INFO: [ app_begin ] --END-- [ RunTime:0.000245s ]
NOTIC: [8] Undefined index: cateId /Users/duzexuan/www/report/APP/Home/Common/function.php 第 9 行.
NOTIC: [8] Undefined index: rzm /Users/duzexuan/www/report/APP/Home/Common/function.php 第 12 行.
NOTIC: [8] Undefined index: wxdjh /Users/duzexuan/www/report/APP/Home/Common/function.php 第 12 行.
NOTIC: [8] Undefined index: hfmyd /Users/duzexuan/www/report/APP/Home/Common/function.php 第 12 行.
NOTIC: [8] Undefined index: hfjy /Users/duzexuan/www/report/APP/Home/Common/function.php 第 12 行.
NOTIC: [8] Undefined index: rzm /Users/duzexuan/www/report/APP/Home/Common/function.php 第 13 行.
NOTIC: [8] Undefined index: xm /Users/duzexuan/www/report/APP/Home/Common/function.php 第 13 行.
NOTIC: [8] Undefined index: ip /Users/duzexuan/www/report/APP/Home/Common/function.php 第 13 行.
NOTIC: [8] Undefined index: bt /Users/duzexuan/www/report/APP/Home/Common/function.php 第 13 行.
NOTIC: [8] Undefined index: fwxmh /Users/duzexuan/www/report/APP/Home/Common/function.php 第 13 行.
NOTIC: [8] Undefined index: bxdh /Users/duzexuan/www/report/APP/Home/Common/function.php 第 13 行.
NOTIC: [8] Undefined index: fwqyh /Users/duzexuan/www/report/APP/Home/Common/function.php 第 13 行.
NOTIC: [8] Undefined index: bxdd /Users/duzexuan/www/report/APP/Home/Common/function.php 第 13 行.
NOTIC: [8] Undefined index: bxnr /Users/duzexuan/www/report/APP/Home/Common/function.php 第 13 行.
INFO: [ app_end ] --START--
INFO: Run Behavior\ShowPageTraceBehavior [ RunTime:0.000515s ]
INFO: [ app_end ] --END-- [ RunTime:0.000564s ]

[ 2015-10-11T14:07:07+08:00 ] ::1 /report/?m=Home&c=Detail&a=getInfo_by_wxdh
INFO: [ app_init ] --START--
INFO: Run Behavior\BuildLiteBehavior [ RunTime:0.000008s ]
INFO: [ app_init ] --END-- [ RunTime:0.000036s ]
INFO: [ app_begin ] --START--
INFO: Run Behavior\ReadHtmlCacheBehavior [ RunTime:0.000367s ]
INFO: [ app_begin ] --END-- [ RunTime:0.000416s ]
NOTIC: [8] Undefined index: cateId /Users/duzexuan/www/report/APP/Home/Common/function.php 第 9 行.
NOTIC: [8] Undefined index: rzm /Users/duzexuan/www/report/APP/Home/Common/function.php 第 12 行.
NOTIC: [8] Undefined index: wxdjh /Users/duzexuan/www/report/APP/Home/Common/function.php 第 12 行.
NOTIC: [8] Undefined index: hfmyd /Users/duzexuan/www/report/APP/Home/Common/function.php 第 12 行.
NOTIC: [8] Undefined index: hfjy /Users/duzexuan/www/report/APP/Home/Common/function.php 第 12 行.
NOTIC: [8] Undefined index: rzm /Users/duzexuan/www/report/APP/Home/Common/function.php 第 13 行.
NOTIC: [8] Undefined index: xm /Users/duzexuan/www/report/APP/Home/Common/function.php 第 13 行.
NOTIC: [8] Undefined index: ip /Users/duzexuan/www/report/APP/Home/Common/function.php 第 13 行.
NOTIC: [8] Undefined index: bt /Users/duzexuan/www/report/APP/Home/Common/function.php 第 13 行.
NOTIC: [8] Undefined index: fwxmh /Users/duzexuan/www/report/APP/Home/Common/function.php 第 13 行.
NOTIC: [8] Undefined index: bxdh /Users/duzexuan/www/report/APP/Home/Common/function.php 第 13 行.
NOTIC: [8] Undefined index: fwqyh /Users/duzexuan/www/report/APP/Home/Common/function.php 第 13 行.
NOTIC: [8] Undefined index: bxdd /Users/duzexuan/www/report/APP/Home/Common/function.php 第 13 行.
NOTIC: [8] Undefined index: bxnr /Users/duzexuan/www/report/APP/Home/Common/function.php 第 13 行.
INFO: [ app_end ] --START--
INFO: Run Behavior\ShowPageTraceBehavior [ RunTime:0.000465s ]
INFO: [ app_end ] --END-- [ RunTime:0.000519s ]

[ 2015-10-11T14:08:30+08:00 ] ::1 /report/?m=Home&c=Detail&a=getInfo_by_wxdh
INFO: [ app_init ] --START--
INFO: Run Behavior\BuildLiteBehavior [ RunTime:0.000008s ]
INFO: [ app_init ] --END-- [ RunTime:0.000035s ]
INFO: [ app_begin ] --START--
INFO: Run Behavior\ReadHtmlCacheBehavior [ RunTime:0.000217s ]
INFO: [ app_begin ] --END-- [ RunTime:0.000249s ]
NOTIC: [8] Undefined index: cateId /Users/duzexuan/www/report/APP/Home/Common/function.php 第 9 行.
NOTIC: [8] Undefined index: rzm /Users/duzexuan/www/report/APP/Home/Common/function.php 第 12 行.
NOTIC: [8] Undefined index: wxdjh /Users/duzexuan/www/report/APP/Home/Common/function.php 第 12 行.
NOTIC: [8] Undefined index: hfmyd /Users/duzexuan/www/report/APP/Home/Common/function.php 第 12 行.
NOTIC: [8] Undefined index: hfjy /Users/duzexuan/www/report/APP/Home/Common/function.php 第 12 行.
NOTIC: [8] Undefined index: rzm /Users/duzexuan/www/report/APP/Home/Common/function.php 第 13 行.
NOTIC: [8] Undefined index: xm /Users/duzexuan/www/report/APP/Home/Common/function.php 第 13 行.
NOTIC: [8] Undefined index: ip /Users/duzexuan/www/report/APP/Home/Common/function.php 第 13 行.
NOTIC: [8] Undefined index: bt /Users/duzexuan/www/report/APP/Home/Common/function.php 第 13 行.
NOTIC: [8] Undefined index: fwxmh /Users/duzexuan/www/report/APP/Home/Common/function.php 第 13 行.
NOTIC: [8] Undefined index: bxdh /Users/duzexuan/www/report/APP/Home/Common/function.php 第 13 行.
NOTIC: [8] Undefined index: fwqyh /Users/duzexuan/www/report/APP/Home/Common/function.php 第 13 行.
NOTIC: [8] Undefined index: bxdd /Users/duzexuan/www/report/APP/Home/Common/function.php 第 13 行.
NOTIC: [8] Undefined index: bxnr /Users/duzexuan/www/report/APP/Home/Common/function.php 第 13 行.
NOTIC: [8] Undefined index: RepairDetail /Users/duzexuan/www/report/APP/Home/Common/function.php 第 82 行.
INFO: [ app_end ] --START--
INFO: Run Behavior\ShowPageTraceBehavior [ RunTime:0.000390s ]
INFO: [ app_end ] --END-- [ RunTime:0.000430s ]

[ 2015-10-11T14:08:44+08:00 ] ::1 /report/?m=Home&c=Detail&a=getInfo_by_wxdh
INFO: [ app_init ] --START--
INFO: Run Behavior\BuildLiteBehavior [ RunTime:0.000008s ]
INFO: [ app_init ] --END-- [ RunTime:0.000035s ]
INFO: [ app_begin ] --START--
INFO: Run Behavior\ReadHtmlCacheBehavior [ RunTime:0.000478s ]
INFO: [ app_begin ] --END-- [ RunTime:0.000534s ]
NOTIC: [8] Undefined index: cateId /Users/duzexuan/www/report/APP/Home/Common/function.php 第 9 行.
NOTIC: [8] Undefined index: rzm /Users/duzexuan/www/report/APP/Home/Common/function.php 第 12 行.
NOTIC: [8] Undefined index: wxdjh /Users/duzexuan/www/report/APP/Home/Common/function.php 第 12 行.
NOTIC: [8] Undefined index: hfmyd /Users/duzexuan/www/report/APP/Home/Common/function.php 第 12 行.
NOTIC: [8] Undefined index: hfjy /Users/duzexuan/www/report/APP/Home/Common/function.php 第 12 行.
NOTIC: [8] Undefined index: rzm /Users/duzexuan/www/report/APP/Home/Common/function.php 第 13 行.
NOTIC: [8] Undefined index: xm /Users/duzexuan/www/report/APP/Home/Common/function.php 第 13 行.
NOTIC: [8] Undefined index: ip /Users/duzexuan/www/report/APP/Home/Common/function.php 第 13 行.
NOTIC: [8] Undefined index: bt /Users/duzexuan/www/report/APP/Home/Common/function.php 第 13 行.
NOTIC: [8] Undefined index: fwxmh /Users/duzexuan/www/report/APP/Home/Common/function.php 第 13 行.
NOTIC: [8] Undefined index: bxdh /Users/duzexuan/www/report/APP/Home/Common/function.php 第 13 行.
NOTIC: [8] Undefined index: fwqyh /Users/duzexuan/www/report/APP/Home/Common/function.php 第 13 行.
NOTIC: [8] Undefined index: bxdd /Users/duzexuan/www/report/APP/Home/Common/function.php 第 13 行.
NOTIC: [8] Undefined index: bxnr /Users/duzexuan/www/report/APP/Home/Common/function.php 第 13 行.
NOTIC: [8] Undefined index: RepairDetail /Users/duzexuan/www/report/APP/Home/Common/function.php 第 83 行.
INFO: [ app_end ] --START--
INFO: Run Behavior\ShowPageTraceBehavior [ RunTime:0.000395s ]
INFO: [ app_end ] --END-- [ RunTime:0.000468s ]

[ 2015-10-11T14:09:08+08:00 ] ::1 /report/?m=Home&c=Detail&a=getInfo_by_wxdh
INFO: [ app_init ] --START--
INFO: Run Behavior\BuildLiteBehavior [ RunTime:0.000007s ]
INFO: [ app_init ] --END-- [ RunTime:0.000035s ]
INFO: [ app_begin ] --START--
INFO: Run Behavior\ReadHtmlCacheBehavior [ RunTime:0.000218s ]
INFO: [ app_begin ] --END-- [ RunTime:0.000246s ]
NOTIC: [8] Undefined index: cateId /Users/duzexuan/www/report/APP/Home/Common/function.php 第 9 行.
NOTIC: [8] Undefined index: rzm /Users/duzexuan/www/report/APP/Home/Common/function.php 第 12 行.
NOTIC: [8] Undefined index: wxdjh /Users/duzexuan/www/report/APP/Home/Common/function.php 第 12 行.
NOTIC: [8] Undefined index: hfmyd /Users/duzexuan/www/report/APP/Home/Common/function.php 第 12 行.
NOTIC: [8] Undefined index: hfjy /Users/duzexuan/www/report/APP/Home/Common/function.php 第 12 行.
NOTIC: [8] Undefined index: rzm /Users/duzexuan/www/report/APP/Home/Common/function.php 第 13 行.
NOTIC: [8] Undefined index: xm /Users/duzexuan/www/report/APP/Home/Common/function.php 第 13 行.
NOTIC: [8] Undefined index: ip /Users/duzexuan/www/report/APP/Home/Common/function.php 第 13 行.
NOTIC: [8] Undefined index: bt /Users/duzexuan/www/report/APP/Home/Common/function.php 第 13 行.
NOTIC: [8] Undefined index: fwxmh /Users/duzexuan/www/report/APP/Home/Common/function.php 第 13 行.
NOTIC: [8] Undefined index: bxdh /Users/duzexuan/www/report/APP/Home/Common/function.php 第 13 行.
NOTIC: [8] Undefined index: fwqyh /Users/duzexuan/www/report/APP/Home/Common/function.php 第 13 行.
NOTIC: [8] Undefined index: bxdd /Users/duzexuan/www/report/APP/Home/Common/function.php 第 13 行.
NOTIC: [8] Undefined index: bxnr /Users/duzexuan/www/report/APP/Home/Common/function.php 第 13 行.
INFO: [ app_end ] --START--
INFO: Run Behavior\ShowPageTraceBehavior [ RunTime:0.000347s ]
INFO: [ app_end ] --END-- [ RunTime:0.000413s ]

[ 2015-10-11T14:09:26+08:00 ] ::1 /report/?m=Home&c=Detail&a=getInfo_by_wxdh
INFO: [ app_init ] --START--
INFO: Run Behavior\BuildLiteBehavior [ RunTime:0.000012s ]
INFO: [ app_init ] --END-- [ RunTime:0.000061s ]
INFO: [ app_begin ] --START--
INFO: Run Behavior\ReadHtmlCacheBehavior [ RunTime:0.000383s ]
INFO: [ app_begin ] --END-- [ RunTime:0.000427s ]
NOTIC: [8] Undefined index: cateId /Users/duzexuan/www/report/APP/Home/Common/function.php 第 9 行.
NOTIC: [8] Undefined index: rzm /Users/duzexuan/www/report/APP/Home/Common/function.php 第 12 行.
NOTIC: [8] Undefined index: wxdjh /Users/duzexuan/www/report/APP/Home/Common/function.php 第 12 行.
NOTIC: [8] Undefined index: hfmyd /Users/duzexuan/www/report/APP/Home/Common/function.php 第 12 行.
NOTIC: [8] Undefined index: hfjy /Users/duzexuan/www/report/APP/Home/Common/function.php 第 12 行.
NOTIC: [8] Undefined index: rzm /Users/duzexuan/www/report/APP/Home/Common/function.php 第 13 行.
NOTIC: [8] Undefined index: xm /Users/duzexuan/www/report/APP/Home/Common/function.php 第 13 行.
NOTIC: [8] Undefined index: ip /Users/duzexuan/www/report/APP/Home/Common/function.php 第 13 行.
NOTIC: [8] Undefined index: bt /Users/duzexuan/www/report/APP/Home/Common/function.php 第 13 行.
NOTIC: [8] Undefined index: fwxmh /Users/duzexuan/www/report/APP/Home/Common/function.php 第 13 行.
NOTIC: [8] Undefined index: bxdh /Users/duzexuan/www/report/APP/Home/Common/function.php 第 13 行.
NOTIC: [8] Undefined index: fwqyh /Users/duzexuan/www/report/APP/Home/Common/function.php 第 13 行.
NOTIC: [8] Undefined index: bxdd /Users/duzexuan/www/report/APP/Home/Common/function.php 第 13 行.
NOTIC: [8] Undefined index: bxnr /Users/duzexuan/www/report/APP/Home/Common/function.php 第 13 行.
INFO: [ app_end ] --START--
INFO: Run Behavior\ShowPageTraceBehavior [ RunTime:0.000416s ]
INFO: [ app_end ] --END-- [ RunTime:0.000465s ]

[ 2015-10-11T14:10:13+08:00 ] ::1 /report/?m=Home&c=Detail&a=getInfo_by_wxdh
INFO: [ app_init ] --START--
INFO: Run Behavior\BuildLiteBehavior [ RunTime:0.000007s ]
INFO: [ app_init ] --END-- [ RunTime:0.000034s ]
INFO: [ app_begin ] --START--
INFO: Run Behavior\ReadHtmlCacheBehavior [ RunTime:0.000260s ]
INFO: [ app_begin ] --END-- [ RunTime:0.000300s ]
NOTIC: [8] Undefined index: cateId /Users/duzexuan/www/report/APP/Home/Common/function.php 第 9 行.
NOTIC: [8] Undefined index: rzm /Users/duzexuan/www/report/APP/Home/Common/function.php 第 12 行.
NOTIC: [8] Undefined index: wxdjh /Users/duzexuan/www/report/APP/Home/Common/function.php 第 12 行.
NOTIC: [8] Undefined index: hfmyd /Users/duzexuan/www/report/APP/Home/Common/function.php 第 12 行.
NOTIC: [8] Undefined index: hfjy /Users/duzexuan/www/report/APP/Home/Common/function.php 第 12 行.
NOTIC: [8] Undefined index: rzm /Users/duzexuan/www/report/APP/Home/Common/function.php 第 13 行.
NOTIC: [8] Undefined index: xm /Users/duzexuan/www/report/APP/Home/Common/function.php 第 13 行.
NOTIC: [8] Undefined index: ip /Users/duzexuan/www/report/APP/Home/Common/function.php 第 13 行.
NOTIC: [8] Undefined index: bt /Users/duzexuan/www/report/APP/Home/Common/function.php 第 13 行.
NOTIC: [8] Undefined index: fwxmh /Users/duzexuan/www/report/APP/Home/Common/function.php 第 13 行.
NOTIC: [8] Undefined index: bxdh /Users/duzexuan/www/report/APP/Home/Common/function.php 第 13 行.
NOTIC: [8] Undefined index: fwqyh /Users/duzexuan/www/report/APP/Home/Common/function.php 第 13 行.
NOTIC: [8] Undefined index: bxdd /Users/duzexuan/www/report/APP/Home/Common/function.php 第 13 行.
NOTIC: [8] Undefined index: bxnr /Users/duzexuan/www/report/APP/Home/Common/function.php 第 13 行.
NOTIC: [2] Illegal string offset 'GetRepairDetailResult' /Users/duzexuan/www/report/APP/Home/Common/function.php 第 82 行.
NOTIC: [8] Uninitialized string offset: 0 /Users/duzexuan/www/report/APP/Home/Common/function.php 第 82 行.
INFO: [ app_end ] --START--
INFO: Run Behavior\ShowPageTraceBehavior [ RunTime:0.000350s ]
INFO: [ app_end ] --END-- [ RunTime:0.000395s ]

